2024-09-30 17:49:24,471:INFO:Translator loaded for language: en
2024-09-30 17:49:24,650:INFO:UI initialized.
2024-09-30 17:49:24,650:INFO:Loaded 1 signs from ./sign_list.txt.
2024-09-30 17:49:24,653:INFO:Loaded 130 videos from ./review_source/review_1/after.
2024-09-30 17:49:24,737:INFO:Playing video: ./review_source/review_1/after/gtsignstudy4a.8032-after-2023_01_23_20_48_48.320-0.mp4
2024-09-30 17:49:24,738:INFO:Displaying video: ./review_source/review_1/after/gtsignstudy4a.8032-after-2023_01_23_20_48_48.320-0.mp4. Current label: None
2024-09-30 17:49:24,738:INFO:Word selected: after. Reset video index.
2024-09-30 17:49:24,738:INFO:Batch selected: review_1. Loaded 1 words.
2024-09-30 17:49:24,738:INFO:Loaded 1 batches from ./review_source/.
2024-09-30 17:49:24,742:INFO:Loaded in-progress annotations from ./output/after/in_progress.csv.
2024-09-30 17:49:24,847:INFO:Playing video: ./review_source/review_1/after/gtsignstudy4a.8032-after-2023_01_23_20_48_48.320-0.mp4
2024-09-30 17:49:24,847:INFO:Displaying video: ./review_source/review_1/after/gtsignstudy4a.8032-after-2023_01_23_20_48_48.320-0.mp4. Current label: None
2024-09-30 17:49:24,847:INFO:Resumed state from state.json.
2024-09-30 17:49:24,847:INFO:UI retranslated.
2024-09-30 17:49:24,847:INFO:Loaded translation for language: en
2024-09-30 17:49:24,847:INFO:AnnotationApp initialized.
2024-09-30 17:49:24,932:INFO:Application started.
2024-09-30 17:49:27,807:INFO:Saved in-progress annotations to ./output/after/in_progress.csv.
2024-09-30 17:49:27,807:INFO:State saved successfully.
2024-09-30 17:49:27,808:INFO:Annotated video gtsignstudy4a.8032-after-2023_01_23_20_48_48.320-0.mp4 as Good.
2024-09-30 17:49:27,808:INFO:Hotkey triggered action for key: z
2024-09-30 17:49:28,150:INFO:Saved final annotations to ./output/after/annotations.csv.
2024-09-30 17:49:28,153:INFO:Saved in-progress annotations to ./output/after/in_progress.csv.
2024-09-30 17:49:28,154:INFO:Playing video: ./review_source/review_1/after/gtsignstudy4a.8032-after-2023_01_23_21_35_19.277-0.mp4
2024-09-30 17:49:28,154:INFO:Displaying video: ./review_source/review_1/after/gtsignstudy4a.8032-after-2023_01_23_21_35_19.277-0.mp4. Current label: None
2024-09-30 17:49:28,154:INFO:Moved to next video.
2024-09-30 17:49:28,154:INFO:Hotkey triggered action for key: =
2024-09-30 17:49:28,594:INFO:Saved in-progress annotations to ./output/after/in_progress.csv.
2024-09-30 17:49:28,594:INFO:State saved successfully.
2024-09-30 17:49:28,594:INFO:Annotated video gtsignstudy4a.8032-after-2023_01_23_21_35_19.277-0.mp4 as Good.
2024-09-30 17:49:28,594:INFO:Hotkey triggered action for key: z
2024-09-30 17:49:28,963:INFO:Saved final annotations to ./output/after/annotations.csv.
2024-09-30 17:49:28,965:INFO:Saved in-progress annotations to ./output/after/in_progress.csv.
2024-09-30 17:49:29,012:INFO:Playing video: ./review_source/review_1/after/gtsignstudy4a.8032-after-2023_01_25_17_50_44.141-0.mp4
2024-09-30 17:49:29,012:INFO:Displaying video: ./review_source/review_1/after/gtsignstudy4a.8032-after-2023_01_25_17_50_44.141-0.mp4. Current label: None
2024-09-30 17:49:29,012:INFO:Moved to next video.
2024-09-30 17:49:29,012:INFO:Hotkey triggered action for key: =
2024-09-30 17:49:29,406:INFO:Saved in-progress annotations to ./output/after/in_progress.csv.
2024-09-30 17:49:29,406:INFO:State saved successfully.
2024-09-30 17:49:29,406:INFO:Annotated video gtsignstudy4a.8032-after-2023_01_25_17_50_44.141-0.mp4 as Good.
2024-09-30 17:49:29,406:INFO:Hotkey triggered action for key: z
2024-09-30 17:49:30,000:INFO:Saved final annotations to ./output/after/annotations.csv.
2024-09-30 17:49:30,003:INFO:Saved in-progress annotations to ./output/after/in_progress.csv.
2024-09-30 17:49:30,018:INFO:Playing video: ./review_source/review_1/after/gtsignstudy4a.8032-after-2023_01_25_18_34_35.774-0.mp4
2024-09-30 17:49:30,018:INFO:Displaying video: ./review_source/review_1/after/gtsignstudy4a.8032-after-2023_01_25_18_34_35.774-0.mp4. Current label: None
2024-09-30 17:49:30,018:INFO:Moved to next video.
2024-09-30 17:49:30,018:INFO:Hotkey triggered action for key: =
2024-09-30 17:49:30,643:INFO:Saved in-progress annotations to ./output/after/in_progress.csv.
2024-09-30 17:49:30,644:INFO:State saved successfully.
2024-09-30 17:49:30,644:INFO:Annotated video gtsignstudy4a.8032-after-2023_01_25_18_34_35.774-0.mp4 as Good.
2024-09-30 17:49:30,644:INFO:Hotkey triggered action for key: z
2024-09-30 17:49:30,900:INFO:Saved final annotations to ./output/after/annotations.csv.
2024-09-30 17:49:30,902:INFO:Saved in-progress annotations to ./output/after/in_progress.csv.
2024-09-30 17:49:30,930:INFO:Playing video: ./review_source/review_1/after/gtsignstudy4a.8032-after-2023_01_25_22_01_07.498-0.mp4
2024-09-30 17:49:30,930:INFO:Displaying video: ./review_source/review_1/after/gtsignstudy4a.8032-after-2023_01_25_22_01_07.498-0.mp4. Current label: None
2024-09-30 17:49:30,930:INFO:Moved to next video.
2024-09-30 17:49:30,930:INFO:Hotkey triggered action for key: =
2024-09-30 17:49:31,448:INFO:Saved in-progress annotations to ./output/after/in_progress.csv.
2024-09-30 17:49:31,448:INFO:State saved successfully.
2024-09-30 17:49:31,448:INFO:Annotated video gtsignstudy4a.8032-after-2023_01_25_22_01_07.498-0.mp4 as Good.
2024-09-30 17:49:31,449:INFO:Hotkey triggered action for key: z
2024-09-30 17:49:32,151:INFO:Saved final annotations to ./output/after/annotations.csv.
2024-09-30 17:49:32,153:INFO:Saved in-progress annotations to ./output/after/in_progress.csv.
2024-09-30 17:49:32,175:INFO:Playing video: ./review_source/review_1/after/gtsignstudy4a.8032-after-2023_01_26_11_37_20.395-0.mp4
2024-09-30 17:49:32,175:INFO:Displaying video: ./review_source/review_1/after/gtsignstudy4a.8032-after-2023_01_26_11_37_20.395-0.mp4. Current label: None
2024-09-30 17:49:32,175:INFO:Moved to next video.
2024-09-30 17:49:32,175:INFO:Hotkey triggered action for key: =
2024-09-30 17:49:32,633:INFO:Saved in-progress annotations to ./output/after/in_progress.csv.
2024-09-30 17:49:32,633:INFO:State saved successfully.
2024-09-30 17:49:32,633:INFO:Annotated video gtsignstudy4a.8032-after-2023_01_26_11_37_20.395-0.mp4 as Good.
2024-09-30 17:49:32,633:INFO:Hotkey triggered action for key: z
2024-09-30 17:49:33,008:INFO:Saved final annotations to ./output/after/annotations.csv.
2024-09-30 17:49:33,010:INFO:Saved in-progress annotations to ./output/after/in_progress.csv.
2024-09-30 17:49:33,048:INFO:Playing video: ./review_source/review_1/after/gtsignstudy4a.8032-after-2023_01_26_13_20_27.779-0.mp4
2024-09-30 17:49:33,049:INFO:Displaying video: ./review_source/review_1/after/gtsignstudy4a.8032-after-2023_01_26_13_20_27.779-0.mp4. Current label: None
2024-09-30 17:49:33,049:INFO:Moved to next video.
2024-09-30 17:49:33,049:INFO:Hotkey triggered action for key: =
2024-09-30 17:49:34,700:INFO:Saved in-progress annotations to ./output/after/in_progress.csv.
2024-09-30 17:49:34,700:INFO:State saved successfully.
2024-09-30 17:49:34,719:INFO:Application closed by user.
